build/app/intermediates/manifest_merge_blame_file/release/manifest-merger-blame-release-report.txt
1<?xml version="1.0" encoding="utf-8"?>
2<manifest xmlns:android="http://schemas.android.com/apk/res/android"
3    package="com.example.wheather_situation"
4    android:versionCode="1"
5    android:versionName="1.0" >
6
7    <uses-sdk
8        android:minSdkVersion="21"
9        android:targetSdkVersion="34" />
10
11    <!-- 📍 Konum izinleri -->
12    <uses-permission android:name="android.permission.ACCESS_FINE_LOCATION" />
12-->src\main\AndroidManifest.xml:4:5-79
12-->src\main\AndroidManifest.xml:4:22-76
13    <uses-permission android:name="android.permission.ACCESS_COARSE_LOCATION" />
13-->src\main\AndroidManifest.xml:5:5-81
13-->src\main\AndroidManifest.xml:5:22-78
14    <!-- 🔔 Bildirim izni (Android 13+ için gerekli) -->
15    <uses-permission android:name="android.permission.POST_NOTIFICATIONS" />
15-->src\main\AndroidManifest.xml:7:5-77
15-->src\main\AndroidManifest.xml:7:22-74
16    <!-- 🌐 İnternet izni -->
17    <uses-permission android:name="android.permission.INTERNET" />
17-->src\main\AndroidManifest.xml:9:5-67
17-->src\main\AndroidManifest.xml:9:22-64
18    <uses-permission android:name="android.permission.SCHEDULE_EXACT_ALARM" />
18-->src\main\AndroidManifest.xml:10:5-79
18-->src\main\AndroidManifest.xml:10:22-76
19
20    <!-- 🔎 Process text özelliği için gerekli -->
21    <queries>
21-->src\main\AndroidManifest.xml:45:5-50:15
22        <intent>
22-->src\main\AndroidManifest.xml:46:9-49:18
23            <action android:name="android.intent.action.PROCESS_TEXT" />
23-->src\main\AndroidManifest.xml:47:13-73
23-->src\main\AndroidManifest.xml:47:21-70
24
25            <data android:mimeType="text/plain" />
25-->src\main\AndroidManifest.xml:48:13-51
25-->src\main\AndroidManifest.xml:48:19-48
26        </intent>
27    </queries>
28
29    <uses-permission android:name="android.permission.BROADCAST_CLOSE_SYSTEM_DIALOGS" />
29-->[:awesome_notifications] AndroidManifest.xml:8:5-89
29-->[:awesome_notifications] AndroidManifest.xml:8:22-86
30    <uses-permission android:name="android.permission.RECEIVE_BOOT_COMPLETED" />
30-->[:awesome_notifications] AndroidManifest.xml:9:5-81
30-->[:awesome_notifications] AndroidManifest.xml:9:22-78
31    <uses-permission android:name="android.permission.VIBRATE" />
31-->[:awesome_notifications] AndroidManifest.xml:10:5-66
31-->[:awesome_notifications] AndroidManifest.xml:10:22-63
32    <uses-permission android:name="android.permission.ACCESS_NETWORK_STATE" />
32-->[:connectivity_plus] AndroidManifest.xml:7:5-79
32-->[:connectivity_plus] AndroidManifest.xml:7:22-76
33    <uses-permission android:name="android.permission.USE_FULL_SCREEN_INTENT" />
33-->[:flutter_local_notifications] AndroidManifest.xml:9:5-81
33-->[:flutter_local_notifications] AndroidManifest.xml:9:22-78
34    <uses-permission
34-->[me.carda:AndroidAwnCore:0.8.3] AndroidManifest.xml:10:5-12:38
35        android:name="android.permission.BIND_NOTIFICATION_LISTENER_SERVICE"
35-->[me.carda:AndroidAwnCore:0.8.3] AndroidManifest.xml:11:9-77
36        android:maxSdkVersion="22" />
36-->[me.carda:AndroidAwnCore:0.8.3] AndroidManifest.xml:12:9-35
37
38    <permission
38-->[androidx.core:core:1.13.1] AndroidManifest.xml:22:5-24:47
39        android:name="com.example.wheather_situation.DYNAMIC_RECEIVER_NOT_EXPORTED_PERMISSION"
39-->[androidx.core:core:1.13.1] AndroidManifest.xml:23:9-81
40        android:protectionLevel="signature" />
40-->[androidx.core:core:1.13.1] AndroidManifest.xml:24:9-44
41
42    <uses-permission android:name="com.example.wheather_situation.DYNAMIC_RECEIVER_NOT_EXPORTED_PERMISSION" /> <!-- for android -->
42-->[androidx.core:core:1.13.1] AndroidManifest.xml:26:5-97
42-->[androidx.core:core:1.13.1] AndroidManifest.xml:26:22-94
43    <!-- <uses-permission android:name="com.android.launcher.permission.READ_SETTINGS"/> -->
44    <!-- <uses-permission android:name="com.android.launcher.permission.WRITE_SETTINGS"/> -->
45    <!-- <uses-permission android:name="com.android.launcher.permission.INSTALL_SHORTCUT" /> -->
46    <!-- <uses-permission android:name="com.android.launcher.permission.UNINSTALL_SHORTCUT" /> -->
47    <!-- for Samsung -->
48    <uses-permission android:name="com.sec.android.provider.badge.permission.READ" />
48-->[me.leolin:ShortcutBadger:1.1.22] AndroidManifest.xml:19:5-86
48-->[me.leolin:ShortcutBadger:1.1.22] AndroidManifest.xml:19:22-83
49    <uses-permission android:name="com.sec.android.provider.badge.permission.WRITE" /> <!-- for htc -->
49-->[me.leolin:ShortcutBadger:1.1.22] AndroidManifest.xml:20:5-87
49-->[me.leolin:ShortcutBadger:1.1.22] AndroidManifest.xml:20:22-84
50    <uses-permission android:name="com.htc.launcher.permission.READ_SETTINGS" />
50-->[me.leolin:ShortcutBadger:1.1.22] AndroidManifest.xml:23:5-81
50-->[me.leolin:ShortcutBadger:1.1.22] AndroidManifest.xml:23:22-78
51    <uses-permission android:name="com.htc.launcher.permission.UPDATE_SHORTCUT" /> <!-- for sony -->
51-->[me.leolin:ShortcutBadger:1.1.22] AndroidManifest.xml:24:5-83
51-->[me.leolin:ShortcutBadger:1.1.22] AndroidManifest.xml:24:22-80
52    <uses-permission android:name="com.sonyericsson.home.permission.BROADCAST_BADGE" />
52-->[me.leolin:ShortcutBadger:1.1.22] AndroidManifest.xml:27:5-88
52-->[me.leolin:ShortcutBadger:1.1.22] AndroidManifest.xml:27:22-85
53    <uses-permission android:name="com.sonymobile.home.permission.PROVIDER_INSERT_BADGE" /> <!-- for apex -->
53-->[me.leolin:ShortcutBadger:1.1.22] AndroidManifest.xml:28:5-92
53-->[me.leolin:ShortcutBadger:1.1.22] AndroidManifest.xml:28:22-89
54    <uses-permission android:name="com.anddoes.launcher.permission.UPDATE_COUNT" /> <!-- for solid -->
54-->[me.leolin:ShortcutBadger:1.1.22] AndroidManifest.xml:31:5-84
54-->[me.leolin:ShortcutBadger:1.1.22] AndroidManifest.xml:31:22-81
55    <uses-permission android:name="com.majeur.launcher.permission.UPDATE_BADGE" /> <!-- for huawei -->
55-->[me.leolin:ShortcutBadger:1.1.22] AndroidManifest.xml:34:5-83
55-->[me.leolin:ShortcutBadger:1.1.22] AndroidManifest.xml:34:22-80
56    <uses-permission android:name="com.huawei.android.launcher.permission.CHANGE_BADGE" />
56-->[me.leolin:ShortcutBadger:1.1.22] AndroidManifest.xml:37:5-91
56-->[me.leolin:ShortcutBadger:1.1.22] AndroidManifest.xml:37:22-88
57    <uses-permission android:name="com.huawei.android.launcher.permission.READ_SETTINGS" />
57-->[me.leolin:ShortcutBadger:1.1.22] AndroidManifest.xml:38:5-92
57-->[me.leolin:ShortcutBadger:1.1.22] AndroidManifest.xml:38:22-89
58    <uses-permission android:name="com.huawei.android.launcher.permission.WRITE_SETTINGS" /> <!-- for ZUK -->
58-->[me.leolin:ShortcutBadger:1.1.22] AndroidManifest.xml:39:5-93
58-->[me.leolin:ShortcutBadger:1.1.22] AndroidManifest.xml:39:22-90
59    <uses-permission android:name="android.permission.READ_APP_BADGE" /> <!-- for OPPO -->
59-->[me.leolin:ShortcutBadger:1.1.22] AndroidManifest.xml:42:5-73
59-->[me.leolin:ShortcutBadger:1.1.22] AndroidManifest.xml:42:22-70
60    <uses-permission android:name="com.oppo.launcher.permission.READ_SETTINGS" />
60-->[me.leolin:ShortcutBadger:1.1.22] AndroidManifest.xml:45:5-82
60-->[me.leolin:ShortcutBadger:1.1.22] AndroidManifest.xml:45:22-79
61    <uses-permission android:name="com.oppo.launcher.permission.WRITE_SETTINGS" /> <!-- for EvMe -->
61-->[me.leolin:ShortcutBadger:1.1.22] AndroidManifest.xml:46:5-83
61-->[me.leolin:ShortcutBadger:1.1.22] AndroidManifest.xml:46:22-80
62    <uses-permission android:name="me.everything.badger.permission.BADGE_COUNT_READ" />
62-->[me.leolin:ShortcutBadger:1.1.22] AndroidManifest.xml:49:5-88
62-->[me.leolin:ShortcutBadger:1.1.22] AndroidManifest.xml:49:22-85
63    <uses-permission android:name="me.everything.badger.permission.BADGE_COUNT_WRITE" />
63-->[me.leolin:ShortcutBadger:1.1.22] AndroidManifest.xml:50:5-89
63-->[me.leolin:ShortcutBadger:1.1.22] AndroidManifest.xml:50:22-86
64
65    <application
66        android:name="android.app.Application"
66-->src\main\AndroidManifest.xml:14:9-42
67        android:appComponentFactory="androidx.core.app.CoreComponentFactory"
67-->[androidx.core:core:1.13.1] AndroidManifest.xml:28:18-86
68        android:extractNativeLibs="true"
69        android:icon="@mipmap/ic_launcher"
69-->src\main\AndroidManifest.xml:15:9-43
70        android:label="wheather_situation" >
70-->src\main\AndroidManifest.xml:13:9-43
71        <activity
71-->src\main\AndroidManifest.xml:17:9-36:20
72            android:name="com.example.wheather_situation.MainActivity"
72-->src\main\AndroidManifest.xml:18:13-41
73            android:configChanges="orientation|keyboardHidden|keyboard|screenSize|smallestScreenSize|locale|layoutDirection|fontScale|screenLayout|density|uiMode"
73-->src\main\AndroidManifest.xml:23:13-163
74            android:exported="true"
74-->src\main\AndroidManifest.xml:19:13-36
75            android:hardwareAccelerated="true"
75-->src\main\AndroidManifest.xml:24:13-47
76            android:launchMode="singleTop"
76-->src\main\AndroidManifest.xml:20:13-43
77            android:taskAffinity=""
77-->src\main\AndroidManifest.xml:21:13-36
78            android:theme="@style/LaunchTheme"
78-->src\main\AndroidManifest.xml:22:13-47
79            android:windowSoftInputMode="adjustResize" >
79-->src\main\AndroidManifest.xml:25:13-55
80            <meta-data
80-->src\main\AndroidManifest.xml:27:13-30:15
81                android:name="io.flutter.embedding.android.NormalTheme"
81-->src\main\AndroidManifest.xml:28:17-72
82                android:resource="@style/NormalTheme" />
82-->src\main\AndroidManifest.xml:29:17-54
83
84            <intent-filter>
84-->src\main\AndroidManifest.xml:32:13-35:29
85                <action android:name="android.intent.action.MAIN" />
85-->src\main\AndroidManifest.xml:33:17-69
85-->src\main\AndroidManifest.xml:33:25-66
86
87                <category android:name="android.intent.category.LAUNCHER" />
87-->src\main\AndroidManifest.xml:34:17-77
87-->src\main\AndroidManifest.xml:34:27-74
88            </intent-filter>
89        </activity>
90
91        <!-- Flutter tool için gerekli -->
92        <meta-data
92-->src\main\AndroidManifest.xml:39:9-41:33
93            android:name="flutterEmbedding"
93-->src\main\AndroidManifest.xml:40:13-44
94            android:value="2" />
94-->src\main\AndroidManifest.xml:41:13-30
95
96        <receiver
96-->[:awesome_notifications] AndroidManifest.xml:13:9-15:39
97            android:name="me.carda.awesome_notifications.DartNotificationActionReceiver"
97-->[:awesome_notifications] AndroidManifest.xml:14:13-89
98            android:exported="true" />
98-->[:awesome_notifications] AndroidManifest.xml:15:13-36
99        <receiver
99-->[:awesome_notifications] AndroidManifest.xml:16:9-18:39
100            android:name="me.carda.awesome_notifications.DartDismissedNotificationReceiver"
100-->[:awesome_notifications] AndroidManifest.xml:17:13-92
101            android:exported="true" />
101-->[:awesome_notifications] AndroidManifest.xml:18:13-36
102        <receiver
102-->[:awesome_notifications] AndroidManifest.xml:19:9-21:39
103            android:name="me.carda.awesome_notifications.DartScheduledNotificationReceiver"
103-->[:awesome_notifications] AndroidManifest.xml:20:13-92
104            android:exported="true" />
104-->[:awesome_notifications] AndroidManifest.xml:21:13-36
105        <receiver
105-->[:awesome_notifications] AndroidManifest.xml:22:9-36:20
106            android:name="me.carda.awesome_notifications.DartRefreshSchedulesReceiver"
106-->[:awesome_notifications] AndroidManifest.xml:23:13-87
107            android:enabled="true"
107-->[:awesome_notifications] AndroidManifest.xml:24:13-35
108            android:exported="true" >
108-->[:awesome_notifications] AndroidManifest.xml:25:13-36
109            <intent-filter>
109-->[:awesome_notifications] AndroidManifest.xml:26:13-35:29
110                <category android:name="android.intent.category.DEFAULT" />
110-->[:awesome_notifications] AndroidManifest.xml:27:17-76
110-->[:awesome_notifications] AndroidManifest.xml:27:27-73
111
112                <action android:name="android.intent.action.BOOT_COMPLETED" />
112-->[:awesome_notifications] AndroidManifest.xml:29:17-79
112-->[:awesome_notifications] AndroidManifest.xml:29:25-76
113                <action android:name="android.intent.action.LOCKED_BOOT_COMPLETED" />
113-->[:awesome_notifications] AndroidManifest.xml:30:17-86
113-->[:awesome_notifications] AndroidManifest.xml:30:25-83
114                <action android:name="android.intent.action.MY_PACKAGE_REPLACED" />
114-->[:awesome_notifications] AndroidManifest.xml:31:17-84
114-->[:awesome_notifications] AndroidManifest.xml:31:25-81
115                <action android:name="android.intent.action.QUICKBOOT_POWERON" />
115-->[:awesome_notifications] AndroidManifest.xml:32:17-82
115-->[:awesome_notifications] AndroidManifest.xml:32:25-79
116                <action android:name="com.htc.intent.action.QUICKBOOT_POWERON" />
116-->[:awesome_notifications] AndroidManifest.xml:33:17-82
116-->[:awesome_notifications] AndroidManifest.xml:33:25-79
117                <action android:name="android.app.action.SCHEDULE_EXACT_ALARM_PERMISSION_STATE_CHANGED" />
117-->[:awesome_notifications] AndroidManifest.xml:34:17-107
117-->[:awesome_notifications] AndroidManifest.xml:34:25-104
118            </intent-filter>
119        </receiver>
120
121        <service
121-->[:awesome_notifications] AndroidManifest.xml:38:9-41:72
122            android:name="me.carda.awesome_notifications.DartBackgroundService"
122-->[:awesome_notifications] AndroidManifest.xml:39:13-80
123            android:exported="false"
123-->[:awesome_notifications] AndroidManifest.xml:40:13-37
124            android:permission="android.permission.BIND_JOB_SERVICE" />
124-->[:awesome_notifications] AndroidManifest.xml:41:13-69
125        <service
125-->[:awesome_notifications] AndroidManifest.xml:42:9-47:43
126            android:name="me.carda.awesome_notifications.core.services.ForegroundService"
126-->[:awesome_notifications] AndroidManifest.xml:43:13-90
127            android:enabled="true"
127-->[:awesome_notifications] AndroidManifest.xml:44:13-35
128            android:exported="false"
128-->[:awesome_notifications] AndroidManifest.xml:45:13-37
129            android:foregroundServiceType="phoneCall"
129-->[:awesome_notifications] AndroidManifest.xml:46:13-54
130            android:stopWithTask="true" />
130-->[:awesome_notifications] AndroidManifest.xml:47:13-40
131
132        <receiver
132-->[:flutter_local_notifications] AndroidManifest.xml:14:9-16:40
133            android:name="com.dexterous.flutterlocalnotifications.ActionBroadcastReceiver"
133-->[:flutter_local_notifications] AndroidManifest.xml:15:13-91
134            android:exported="false" />
134-->[:flutter_local_notifications] AndroidManifest.xml:16:13-37
135        <receiver
135-->[:flutter_local_notifications] AndroidManifest.xml:17:9-19:40
136            android:name="com.dexterous.flutterlocalnotifications.ScheduledNotificationReceiver"
136-->[:flutter_local_notifications] AndroidManifest.xml:18:13-97
137            android:exported="false" />
137-->[:flutter_local_notifications] AndroidManifest.xml:19:13-37
138        <receiver
138-->[:flutter_local_notifications] AndroidManifest.xml:20:9-29:20
139            android:name="com.dexterous.flutterlocalnotifications.ScheduledNotificationBootReceiver"
139-->[:flutter_local_notifications] AndroidManifest.xml:21:13-101
140            android:exported="false" >
140-->[:flutter_local_notifications] AndroidManifest.xml:22:13-37
141            <intent-filter>
141-->[:flutter_local_notifications] AndroidManifest.xml:23:13-28:29
142                <action android:name="android.intent.action.BOOT_COMPLETED" />
142-->[:awesome_notifications] AndroidManifest.xml:29:17-79
142-->[:awesome_notifications] AndroidManifest.xml:29:25-76
143                <action android:name="android.intent.action.MY_PACKAGE_REPLACED" />
143-->[:awesome_notifications] AndroidManifest.xml:31:17-84
143-->[:awesome_notifications] AndroidManifest.xml:31:25-81
144                <action android:name="android.intent.action.QUICKBOOT_POWERON" />
144-->[:awesome_notifications] AndroidManifest.xml:32:17-82
144-->[:awesome_notifications] AndroidManifest.xml:32:25-79
145                <action android:name="com.htc.intent.action.QUICKBOOT_POWERON" />
145-->[:awesome_notifications] AndroidManifest.xml:33:17-82
145-->[:awesome_notifications] AndroidManifest.xml:33:25-79
146            </intent-filter>
147        </receiver>
148
149        <service
149-->[:geolocator_android] AndroidManifest.xml:8:9-12:56
150            android:name="com.baseflow.geolocator.GeolocatorLocationService"
150-->[:geolocator_android] AndroidManifest.xml:9:13-77
151            android:enabled="true"
151-->[:geolocator_android] AndroidManifest.xml:10:13-35
152            android:exported="false"
152-->[:geolocator_android] AndroidManifest.xml:11:13-37
153            android:foregroundServiceType="location" />
153-->[:geolocator_android] AndroidManifest.xml:12:13-53
154        <service
154-->[me.carda:AndroidAwnCore:0.8.3] AndroidManifest.xml:21:9-28:19
155            android:name="me.carda.awesome_notifications.core.managers.StatusBarManager"
155-->[me.carda:AndroidAwnCore:0.8.3] AndroidManifest.xml:22:13-89
156            android:exported="true"
156-->[me.carda:AndroidAwnCore:0.8.3] AndroidManifest.xml:23:13-36
157            android:label="My Notification Listener Service" >
157-->[me.carda:AndroidAwnCore:0.8.3] AndroidManifest.xml:24:13-61
158            <intent-filter>
158-->[me.carda:AndroidAwnCore:0.8.3] AndroidManifest.xml:25:13-27:29
159                <action android:name="android.service.notification.NotificationListenerService" />
159-->[me.carda:AndroidAwnCore:0.8.3] AndroidManifest.xml:26:17-99
159-->[me.carda:AndroidAwnCore:0.8.3] AndroidManifest.xml:26:25-96
160            </intent-filter>
161        </service>
162
163        <uses-library
163-->[androidx.window:window:1.2.0] AndroidManifest.xml:23:9-25:40
164            android:name="androidx.window.extensions"
164-->[androidx.window:window:1.2.0] AndroidManifest.xml:24:13-54
165            android:required="false" />
165-->[androidx.window:window:1.2.0] AndroidManifest.xml:25:13-37
166        <uses-library
166-->[androidx.window:window:1.2.0] AndroidManifest.xml:26:9-28:40
167            android:name="androidx.window.sidecar"
167-->[androidx.window:window:1.2.0] AndroidManifest.xml:27:13-51
168            android:required="false" />
168-->[androidx.window:window:1.2.0] AndroidManifest.xml:28:13-37
169
170        <activity
170-->[com.google.android.gms:play-services-base:18.3.0] AndroidManifest.xml:20:9-22:45
171            android:name="com.google.android.gms.common.api.GoogleApiActivity"
171-->[com.google.android.gms:play-services-base:18.3.0] AndroidManifest.xml:20:19-85
172            android:exported="false"
172-->[com.google.android.gms:play-services-base:18.3.0] AndroidManifest.xml:22:19-43
173            android:theme="@android:style/Theme.Translucent.NoTitleBar" />
173-->[com.google.android.gms:play-services-base:18.3.0] AndroidManifest.xml:21:19-78
174
175        <meta-data
175-->[com.google.android.gms:play-services-basement:18.3.0] AndroidManifest.xml:21:9-23:69
176            android:name="com.google.android.gms.version"
176-->[com.google.android.gms:play-services-basement:18.3.0] AndroidManifest.xml:22:13-58
177            android:value="@integer/google_play_services_version" />
177-->[com.google.android.gms:play-services-basement:18.3.0] AndroidManifest.xml:23:13-66
178
179        <provider
179-->[androidx.emoji2:emoji2:1.2.0] AndroidManifest.xml:24:9-32:20
180            android:name="androidx.startup.InitializationProvider"
180-->[androidx.emoji2:emoji2:1.2.0] AndroidManifest.xml:25:13-67
181            android:authorities="com.example.wheather_situation.androidx-startup"
181-->[androidx.emoji2:emoji2:1.2.0] AndroidManifest.xml:26:13-68
182            android:exported="false" >
182-->[androidx.emoji2:emoji2:1.2.0] AndroidManifest.xml:27:13-37
183            <meta-data
183-->[androidx.emoji2:emoji2:1.2.0] AndroidManifest.xml:29:13-31:52
184                android:name="androidx.emoji2.text.EmojiCompatInitializer"
184-->[androidx.emoji2:emoji2:1.2.0] AndroidManifest.xml:30:17-75
185                android:value="androidx.startup" />
185-->[androidx.emoji2:emoji2:1.2.0] AndroidManifest.xml:31:17-49
186            <meta-data
186-->[androidx.lifecycle:lifecycle-process:2.7.0] AndroidManifest.xml:29:13-31:52
187                android:name="androidx.lifecycle.ProcessLifecycleInitializer"
187-->[androidx.lifecycle:lifecycle-process:2.7.0] AndroidManifest.xml:30:17-78
188                android:value="androidx.startup" />
188-->[androidx.lifecycle:lifecycle-process:2.7.0] AndroidManifest.xml:31:17-49
189            <meta-data
189-->[androidx.profileinstaller:profileinstaller:1.3.1] AndroidManifest.xml:29:13-31:52
190                android:name="androidx.profileinstaller.ProfileInstallerInitializer"
190-->[androidx.profileinstaller:profileinstaller:1.3.1] AndroidManifest.xml:30:17-85
191                android:value="androidx.startup" />
191-->[androidx.profileinstaller:profileinstaller:1.3.1] AndroidManifest.xml:31:17-49
192        </provider>
193
194        <service
194-->[androidx.room:room-runtime:2.5.0] AndroidManifest.xml:24:9-28:63
195            android:name="androidx.room.MultiInstanceInvalidationService"
195-->[androidx.room:room-runtime:2.5.0] AndroidManifest.xml:25:13-74
196            android:directBootAware="true"
196-->[androidx.room:room-runtime:2.5.0] AndroidManifest.xml:26:13-43
197            android:exported="false" />
197-->[androidx.room:room-runtime:2.5.0] AndroidManifest.xml:27:13-37
198
199        <receiver
199-->[androidx.profileinstaller:profileinstaller:1.3.1] AndroidManifest.xml:34:9-52:20
200            android:name="androidx.profileinstaller.ProfileInstallReceiver"
200-->[androidx.profileinstaller:profileinstaller:1.3.1] AndroidManifest.xml:35:13-76
201            android:directBootAware="false"
201-->[androidx.profileinstaller:profileinstaller:1.3.1] AndroidManifest.xml:36:13-44
202            android:enabled="true"
202-->[androidx.profileinstaller:profileinstaller:1.3.1] AndroidManifest.xml:37:13-35
203            android:exported="true"
203-->[androidx.profileinstaller:profileinstaller:1.3.1] AndroidManifest.xml:38:13-36
204            android:permission="android.permission.DUMP" >
204-->[androidx.profileinstaller:profileinstaller:1.3.1] AndroidManifest.xml:39:13-57
205            <intent-filter>
205-->[androidx.profileinstaller:profileinstaller:1.3.1] AndroidManifest.xml:40:13-42:29
206                <action android:name="androidx.profileinstaller.action.INSTALL_PROFILE" />
206-->[androidx.profileinstaller:profileinstaller:1.3.1] AndroidManifest.xml:41:17-91
206-->[androidx.profileinstaller:profileinstaller:1.3.1] AndroidManifest.xml:41:25-88
207            </intent-filter>
208            <intent-filter>
208-->[androidx.profileinstaller:profileinstaller:1.3.1] AndroidManifest.xml:43:13-45:29
209                <action android:name="androidx.profileinstaller.action.SKIP_FILE" />
209-->[androidx.profileinstaller:profileinstaller:1.3.1] AndroidManifest.xml:44:17-85
209-->[androidx.profileinstaller:profileinstaller:1.3.1] AndroidManifest.xml:44:25-82
210            </intent-filter>
211            <intent-filter>
211-->[androidx.profileinstaller:profileinstaller:1.3.1] AndroidManifest.xml:46:13-48:29
212                <action android:name="androidx.profileinstaller.action.SAVE_PROFILE" />
212-->[androidx.profileinstaller:profileinstaller:1.3.1] AndroidManifest.xml:47:17-88
212-->[androidx.profileinstaller:profileinstaller:1.3.1] AndroidManifest.xml:47:25-85
213            </intent-filter>
214            <intent-filter>
214-->[androidx.profileinstaller:profileinstaller:1.3.1] AndroidManifest.xml:49:13-51:29
215                <action android:name="androidx.profileinstaller.action.BENCHMARK_OPERATION" />
215-->[androidx.profileinstaller:profileinstaller:1.3.1] AndroidManifest.xml:50:17-95
215-->[androidx.profileinstaller:profileinstaller:1.3.1] AndroidManifest.xml:50:25-92
216            </intent-filter>
217        </receiver>
218    </application>
219
220</manifest>